# Logfile created on 2012-01-12 14:22:56 +0300 by logger.rb/31641
REQUESTING PAGE: GET / with {} and HTTP headers {}
REQUESTING PAGE: GET / with {} and HTTP headers {}
REQUESTING PAGE: GET / with {} and HTTP headers {}
REQUESTING PAGE: GET / with {} and HTTP headers {}
REQUESTING PAGE: GET / with {} and HTTP headers {}
REQUESTING PAGE: GET / with {} and HTTP headers {}
REQUESTING PAGE: GET / with {} and HTTP headers {}
REQUESTING PAGE: GET / with {} and HTTP headers {}
REQUESTING PAGE: GET / with {} and HTTP headers {}
REQUESTING PAGE: GET / with {} and HTTP headers {}
REQUESTING PAGE: GET / with {} and HTTP headers {}
REQUESTING PAGE: GET / with {} and HTTP headers {}
REQUESTING PAGE: GET / with {} and HTTP headers {}
REQUESTING PAGE: GET / with {} and HTTP headers {}
REQUESTING PAGE: GET / with {} and HTTP headers {}
REQUESTING PAGE: GET / with {} and HTTP headers {}
REQUESTING PAGE: GET / with {} and HTTP headers {}
REQUESTING PAGE: GET / with {} and HTTP headers {}
REQUESTING PAGE: GET / with {} and HTTP headers {}
REQUESTING PAGE: GET / with {} and HTTP headers {}
REQUESTING PAGE: GET / with {} and HTTP headers {}
REQUESTING PAGE: GET / with {} and HTTP headers {}
REQUESTING PAGE: GET / with {} and HTTP headers {}
REQUESTING PAGE: GET / with {} and HTTP headers {}
REQUESTING PAGE: GET / with {} and HTTP headers {}
REQUESTING PAGE: GET / with {} and HTTP headers {}
REQUESTING PAGE: GET / with {} and HTTP headers {}
REQUESTING PAGE: GET / with {} and HTTP headers {}
REQUESTING PAGE: GET / with {} and HTTP headers {}
REQUESTING PAGE: GET / with {} and HTTP headers {}
REQUESTING PAGE: GET / with {} and HTTP headers {}
REQUESTING PAGE: GET / with {} and HTTP headers {}
REQUESTING PAGE: GET / with {} and HTTP headers {}
REQUESTING PAGE: GET / with {} and HTTP headers {}
REQUESTING PAGE: GET / with {} and HTTP headers {}
REQUESTING PAGE: GET Volcevita with {} and HTTP headers {"HTTP_REFERER"=>"/"}
REQUESTING PAGE: GET / with {} and HTTP headers {}
REQUESTING PAGE: GET Dolcevita with {} and HTTP headers {"HTTP_REFERER"=>"/"}
REQUESTING PAGE: GET / with {} and HTTP headers {}
REQUESTING PAGE: GET dolcevita with {} and HTTP headers {"HTTP_REFERER"=>"/"}
REQUESTING PAGE: GET  with {} and HTTP headers {}
REQUESTING PAGE: GET / with {} and HTTP headers {}
REQUESTING PAGE: GET / with {} and HTTP headers {}
REQUESTING PAGE: GET testing_routes with {} and HTTP headers {"HTTP_REFERER"=>"/"}
REQUESTING PAGE: GET / with {} and HTTP headers {}
REQUESTING PAGE: GET /testing_routes with {} and HTTP headers {"HTTP_REFERER"=>"/"}
REQUESTING PAGE: GET / with {} and HTTP headers {}
REQUESTING PAGE: GET /testing_routes with {} and HTTP headers {"HTTP_REFERER"=>"/"}
REQUESTING PAGE: GET / with {} and HTTP headers {}
REQUESTING PAGE: GET testing_routes with {} and HTTP headers {"HTTP_REFERER"=>"/"}
REQUESTING PAGE: GET / with {} and HTTP headers {}
REQUESTING PAGE: GET tes2ting_routes with {} and HTTP headers {"HTTP_REFERER"=>"/"}
REQUESTING PAGE: GET / with {} and HTTP headers {}
REQUESTING PAGE: GET tes2ting_routes with {} and HTTP headers {"HTTP_REFERER"=>"/"}
REQUESTING PAGE: GET / with {} and HTTP headers {}
REQUESTING PAGE: GET / with {} and HTTP headers {}
REQUESTING PAGE: GET / with {} and HTTP headers {}
REQUESTING PAGE: GET / with {} and HTTP headers {}
REQUESTING PAGE: GET / with {} and HTTP headers {}
REQUESTING PAGE: GET / with {} and HTTP headers {}
REQUESTING PAGE: GET / with {} and HTTP headers {}
REQUESTING PAGE: GET / with {} and HTTP headers {}
REQUESTING PAGE: GET / with {} and HTTP headers {}
REQUESTING PAGE: GET / with {} and HTTP headers {}
REQUESTING PAGE: GET / with {} and HTTP headers {}
REQUESTING PAGE: GET / with {} and HTTP headers {}
REQUESTING PAGE: GET / with {} and HTTP headers {}
